info it worked if it ends with ok
verbose cli [ 'node', '/usr/bin/npm', 'run', 'build' ]
info using npm@1.1.4
info using node@v0.6.12
verbose config file /home/daniel/.npmrc
verbose config file /usr/etc/npmrc
verbose config file /usr/share/npm/npmrc
verbose caching /home/daniel/tasks/speechServices/bluemixApps/post-ga/speech-to-text-nodejs/package.json
verbose loadDefaults SpeechToTextBrowserStarterApp@0.2.1
verbose run-script [ 'prebuild', 'build', 'postbuild' ]
info prebuild SpeechToTextBrowserStarterApp@0.2.1
info build SpeechToTextBrowserStarterApp@0.2.1
verbose unsafe-perm in lifecycle true
silly exec sh "-c" "browserify -o public/js/main.js src/index.js"
silly spawning [ 'sh',
silly spawning   [ '-c', 'browserify -o public/js/main.js src/index.js' ],
silly spawning   '/home/daniel/tasks/speechServices/bluemixApps/post-ga/speech-to-text-nodejs' ]
info SpeechToTextBrowserStarterApp@0.2.1 Failed to exec build script
ERR! SpeechToTextBrowserStarterApp@0.2.1 build: `browserify -o public/js/main.js src/index.js`
ERR! `sh "-c" "browserify -o public/js/main.js src/index.js"` failed with 1
ERR! 
ERR! Failed at the SpeechToTextBrowserStarterApp@0.2.1 build script.
ERR! This is most likely a problem with the SpeechToTextBrowserStarterApp package,
ERR! not with npm itself.
ERR! Tell the author that this fails on your system:
ERR!     browserify -o public/js/main.js src/index.js
ERR! You can get their info via:
ERR!     npm owner ls SpeechToTextBrowserStarterApp
ERR! There is likely additional logging output above.
ERR! 
ERR! System Linux 3.13.0-61-generic
ERR! command "node" "/usr/bin/npm" "run" "build"
ERR! cwd /home/daniel/tasks/speechServices/bluemixApps/post-ga/speech-to-text-nodejs
ERR! node -v v0.6.12
ERR! npm -v 1.1.4
ERR! code ELIFECYCLE
ERR! message SpeechToTextBrowserStarterApp@0.2.1 build: `browserify -o public/js/main.js src/index.js`
ERR! message `sh "-c" "browserify -o public/js/main.js src/index.js"` failed with 1
ERR! errno {}
verbose exit [ 1, true ]
